[2025-05-16 17:45:10] [info] /home/zhangyang/YFTP/server/src/AsioIOServicePool.cpp:9 AsioIOServicePool construct
[2025-05-16 17:45:10] [info] /home/zhangyang/YFTP/server/src/AsioIOServicePool.cpp:10 AsioIOServicePool size is 32
[2025-05-16 17:45:10] [info] /home/zhangyang/YFTP/server/src/Server.cpp:15 Server started on port: 8080
[2025-05-16 17:45:12] [info] /home/zhangyang/YFTP/server/src/Server.cpp:36 Accepted new session from: 127.0.0.1
[2025-05-16 17:45:14] [info] /home/zhangyang/YFTP/server/src/LogicSystem.cpp:121 msg id 1001 register success
[2025-05-16 17:45:14] [info] /home/zhangyang/YFTP/server/src/LogicSystem.cpp:121 msg id 1004 register success
[2025-05-16 17:45:14] [info] /home/zhangyang/YFTP/server/src/LogicSystem.cpp:121 msg id 1002 register success
[2025-05-16 17:45:14] [info] /home/zhangyang/YFTP/server/src/LogicSystem.cpp:121 msg id 1003 register success
[2025-05-16 17:45:14] [info] /home/zhangyang/YFTP/server/src/LogicSystem.cpp:121 msg id 1005 register success
[2025-05-16 17:45:14] [info] /home/zhangyang/YFTP/server/src/LogicSystem.cpp:121 msg id 1006 register success
[2025-05-16 17:45:14] [info] /home/zhangyang/YFTP/server/src/LogicSystem.cpp:121 msg id 1007 register success
[2025-05-16 17:45:14] [info] /home/zhangyang/YFTP/server/src/LogicSystem.cpp:121 msg id 1008 register success
[2025-05-16 17:45:14] [info] /home/zhangyang/YFTP/server/src/LogicSystem.cpp:121 msg id 1009 register success
[2025-05-16 17:45:14] [info] /home/zhangyang/YFTP/server/src/LogicSystem.cpp:121 msg id 1010 register success
[2025-05-16 17:45:14] [info] /home/zhangyang/YFTP/server/src/LogicSystem.cpp:110 register all msg id success
[2025-05-16 17:45:14] [info] /home/zhangyang/YFTP/server/src/LogicSystem.cpp:56 recv_msg id is 1004
[2025-05-16 17:45:14] [info] /home/zhangyang/YFTP/server/src/LogicSystem.cpp:154 Send 1503 bytes to 127.0.0.1
[2025-05-16 17:45:21] [info] /home/zhangyang/YFTP/server/src/LogicSystem.cpp:56 recv_msg id is 1009
[2025-05-16 17:45:21] [info] /home/zhangyang/YFTP/server/src/LogicSystem.cpp:432 Send 171 bytes to 127.0.0.1
[2025-05-16 17:45:24] [error] /home/zhangyang/YFTP/server/src/Session.cpp:244 handle read failed, error is End of file
[2025-05-16 17:45:24] [info] /home/zhangyang/YFTP/server/src/Server.cpp:53 Session 25c74eb2-96b2-4081-8dbd-b91e0b1fb953 cleared
[2025-05-16 17:45:24] [info] /home/zhangyang/YFTP/server/src/Session.cpp:31 ~Session destruct
[2025-05-16 17:46:37] [info] /home/zhangyang/YFTP/server/src/Server.cpp:36 Accepted new session from: 127.0.0.1
[2025-05-16 17:46:39] [error] /home/zhangyang/YFTP/server/src/Session.cpp:244 handle read failed, error is End of file
[2025-05-16 17:46:39] [info] /home/zhangyang/YFTP/server/src/Server.cpp:53 Session 1e922911-6f7d-4628-864d-81e43a35027d cleared
[2025-05-16 17:46:39] [info] /home/zhangyang/YFTP/server/src/Session.cpp:31 ~Session destruct
[2025-05-16 17:47:19] [info] /home/zhangyang/YFTP/server/src/Server.cpp:24 Server stopped on port: 8080
[2025-05-16 17:47:19] [info] /home/zhangyang/YFTP/server/src/Session.cpp:31 ~Session destruct
[2025-05-16 17:47:19] [info] /home/zhangyang/YFTP/server/src/AsioIOServicePool.cpp:22 AsioIOServicePool destruct
